2024-11-13 15:14:36 error: Error al crear material compuesto: convertirUnidades is not a function
2024-11-13 15:18:05 error: Error al crear material compuesto: conversorUnidades is not a function
2024-11-13 15:28:53 error: Error al crear material compuesto: convertirUnidades is not a function
2024-11-13 15:30:08 error: Error al crear material compuesto: No se puede convertir de undefined a KG
2024-11-13 15:33:02 error: Error al crear material compuesto: No se puede convertir de undefined a KG
2024-11-13 16:05:52 error: Error al crear material compuesto: material is not defined
2024-11-19 16:23:10 error: Error al crear producto: Error: No se puede convertir de LT a kilos
    at convertirUnidades (C:\Users\Ale\Desktop\Mauro\fabricale-main\backend\utils\conversorUnidades.js:18:11)
    at exports.crearProducto (C:\Users\Ale\Desktop\Mauro\fabricale-main\backend\controllers\productoController.js:21:39)
    at process.processTicksAndRejections (node:internal/process/task_queues:95:5)
2024-11-19 16:25:25 error: Error al crear producto: Error: No se puede convertir de KG a kilos
    at convertirUnidades (C:\Users\Ale\Desktop\Mauro\fabricale-main\backend\utils\conversorUnidades.js:18:11)
    at exports.crearProducto (C:\Users\Ale\Desktop\Mauro\fabricale-main\backend\controllers\productoController.js:21:39)
    at process.processTicksAndRejections (node:internal/process/task_queues:95:5)
2024-11-19 16:34:39 error: Error al crear producto: Error: No se puede convertir de CC a LT
    at convertirUnidades (C:\Users\Ale\Desktop\Mauro\fabricale-main\backend\utils\conversorUnidades.js:18:11)
    at exports.crearProducto (C:\Users\Ale\Desktop\Mauro\fabricale-main\backend\controllers\productoController.js:21:39)
    at process.processTicksAndRejections (node:internal/process/task_queues:95:5)
2024-11-19 16:39:41 error: Error al crear producto: Error: No se puede convertir de CC a LT
    at convertirUnidades (C:\Users\Ale\Desktop\Mauro\fabricale-main\backend\utils\conversorUnidades.js:18:11)
    at exports.crearProducto (C:\Users\Ale\Desktop\Mauro\fabricale-main\backend\controllers\productoController.js:21:39)
    at process.processTicksAndRejections (node:internal/process/task_queues:95:5)
2024-11-19 16:43:33 error: Error al crear material compuesto: Error: No se puede convertir de CC a LT
    at convertirUnidades (C:\Users\Ale\Desktop\Mauro\fabricale-main\backend\utils\conversorUnidades.js:18:11)
    at exports.crearMaterialCompuesto (C:\Users\Ale\Desktop\Mauro\fabricale-main\backend\controllers\materialCompuestoController.js:20:53)
    at process.processTicksAndRejections (node:internal/process/task_queues:95:5)
2024-11-19 20:05:35 error: Error al crear producto: Error: No se puede convertir de KG a LT
    at convertirUnidades (C:\Users\Ale\Desktop\Mauro\fabricale-main\backend\utils\conversorUnidades.js:18:11)
    at exports.crearProducto (C:\Users\Ale\Desktop\Mauro\fabricale-main\backend\controllers\productoController.js:21:39)
    at process.processTicksAndRejections (node:internal/process/task_queues:95:5)
